
Mon Apr  2 09:43:03 EDT 2018
Doing...
Updating 5605494..1145616
Fast-forward
 minibook/amazon.1/_01_train.ipynb | 20 +++++++++++++++++---
 1 file changed, 17 insertions(+), 3 deletions(-)
sending incremental file list
deleting __pycache__/my_measures.cpython-36.pyc
deleting __pycache__/
deleting transformer.pkl
deleting sc.pkl
deleting output.ipynb
deleting job.log
deleting hv2.pkl
deleting hv0.pkl
deleting best.svm.pkl
deleting best.rdg.pkl
deleting best.prc.pkl
deleting best.nbs.pkl
deleting best.lgs.pkl
deleting GridSearch.txt
./
_01_train.ipynb

sent 49,948 bytes  received 272 bytes  100,440.00 bytes/sec
total size is 107,353  speedup is 2.14
  0%|          | 0/34 [00:00<?, ?it/s]  6%|▌         | 2/34 [00:00<00:04,  7.15it/s]wolfm2     804  0.0  0.0   4504     0 ?        Ss   Mar19   0:00 /bin/sh -c /home/wolfm2/job.sh
wolfm2     806  0.0  0.0  12544     8 ?        S    Mar19   0:00 /bin/bash /home/wolfm2/job.sh
wolfm2     848  0.0  0.0 715336   948 ?        Sl   Mar19   7:45 /home/wolfm2/anaconda3/bin/python /home/wolfm2/jobin/main.py
wolfm2     874  0.1  0.0 9553324 1768 ?        Ssl  Mar19  32:59 /home/wolfm2/anaconda3/bin/python -m ipykernel_launcher -f /tmp/tmp3r5sq0q0.json
wolfm2    1460 21.7  0.0 9472448   72 ?        Sl   Mar19 4223:40 /home/wolfm2/anaconda3/bin/python -m ipykernel_launcher -f /tmp/tmp3r5sq0q0.json
wolfm2    5947  0.0  0.0 9553324 1856 ?        S    Mar22   0:00 /home/wolfm2/anaconda3/bin/python -m ipykernel_launcher -f /tmp/tmp3r5sq0q0.json
wolfm2   29662  0.0  0.0   4504   708 ?        Ss   09:43   0:00 /bin/sh -c /home/wolfm2/job.sh
wolfm2   29664  0.0  0.0  12544  3028 ?        S    09:43   0:00 /bin/bash /home/wolfm2/job.sh
wolfm2   29705 39.5  0.3 715008 107316 ?       Sl   09:43   0:00 /home/wolfm2/anaconda3/bin/python /home/wolfm2/jobin/main.py
wolfm2   29726 73.0  0.3 980972 116584 ?       Ssl  09:43   0:00 /home/wolfm2/anaconda3/bin/python -m ipykernel_launcher -f /tmp/tmpaylaw3ml.json
wolfm2   29753  0.0  0.0   4504   780 ?        S    09:43   0:00 sh -c ps aux | grep wolfm2
wolfm2   29754  0.0  0.0  37364  3248 ?        R    09:43   0:00 ps aux
wolfm2   29755  0.0  0.0  14224  1012 ?        S    09:43   0:00 grep wolfm2
 15%|█▍        | 5/34 [00:01<00:10,  2.67it/s] 26%|██▋       | 9/34 [00:02<00:05,  4.29it/s] 29%|██▉       | 10/34 [00:42<01:42,  4.26s/it] 38%|███▊      | 13/34 [00:54<01:28,  4.20s/it] 50%|█████     | 17/34 [00:54<00:54,  3.22s/it]