
Sun Apr 15 12:53:02 EDT 2018
Doing...
Updating f6dd3ac..218b42b
Fast-forward
 minibook/amazon.2.1/_01_train.ipynb | 4 ++--
 1 file changed, 2 insertions(+), 2 deletions(-)
sending incremental file list
./
_01_train.ipynb
job.log
output.ipynb

sent 172,779 bytes  received 76 bytes  345,710.00 bytes/sec
total size is 108,260,715  speedup is 626.31
  0%|          | 0/44 [00:00<?, ?it/s]  5%|▍         | 2/44 [00:00<00:06,  6.59it/s]wolfm2    3169  0.0  0.0   4504   672 ?        Ss   12:53   0:00 /bin/sh -c /home/wolfm2/job.sh
wolfm2    3171  0.0  0.0  12544  3056 ?        S    12:53   0:00 /bin/bash /home/wolfm2/job.sh
wolfm2    3211 39.5  0.3 715072 107992 ?       Sl   12:53   0:00 /home/wolfm2/anaconda3/bin/python /home/wolfm2/jobin/main.py
wolfm2    3232 75.0  0.3 980972 116452 ?       Ssl  12:53   0:00 /home/wolfm2/anaconda3/bin/python -m ipykernel_launcher -f /tmp/tmpixdhbqu2.json
wolfm2    3259  0.0  0.0   4504   700 ?        S    12:53   0:00 sh -c ps aux | grep wolfm2
wolfm2    3260  0.0  0.0  37364  3248 ?        R    12:53   0:00 ps aux
wolfm2    3261  0.0  0.0  14224  1020 ?        S    12:53   0:00 grep wolfm2
 11%|█▏        | 5/44 [00:01<00:15,  2.57it/s] 20%|██        | 9/44 [00:02<00:08,  4.10it/s] 23%|██▎       | 10/44 [04:21<14:49, 26.17s/it] 30%|██▉       | 13/44 [04:26<10:35, 20.50s/it] 36%|███▋      | 16/44 [04:38<08:08, 17.43s/it] 41%|████      | 18/44 [04:49<06:58, 16.10s/it] 45%|████▌     | 20/44 [04:51<05:49, 14.56s/it]