Pushing...
To ssh://git@github.com/wolfm2/jobout.git
   eff2401..b0b812d  master -> master
.:
total 4
drwxrwxr-x 4 wolfm2 wolfm2 4096 Mar  7 16:47 minibook

./minibook:
total 12
drwxrwxr-x 2 wolfm2 wolfm2 4096 Mar  7 16:45 amazon
drwxrwxr-x 2 wolfm2 wolfm2 4096 Mar  7 11:47 amazonFirstIter
-rw-rw-r-- 1 wolfm2 wolfm2   91 Mar  7 16:48 job.log

./minibook/amazon:
total 242660
-rw-rw-r-- 1 wolfm2 wolfm2      2976 Mar  7 16:45 _00_split.ipynb
-rw-rw-r-- 1 wolfm2 wolfm2     28729 Mar  7 11:47 _01_train.ipynb
-rw-rw-r-- 1 wolfm2 wolfm2     26250 Mar  7 11:47 _02_test.ipynb
-rw-rw-r-- 1 wolfm2 wolfm2     20981 Mar  7 11:47 _03_submission.ipynb
-rw-rw-r-- 1 wolfm2 wolfm2 248373493 Mar  6 20:06 Amazon.csv
-rw-rw-r-- 1 wolfm2 wolfm2      2632 Mar  7 11:47 my_measures.py
-rw-rw-r-- 1 wolfm2 wolfm2      5423 Mar  7 16:45 output.ipynb
-rw-rw-r-- 1 wolfm2 wolfm2      3534 Mar  7 11:47 README.md

./minibook/amazonFirstIter:
total 61448
-rw-rw-r-- 1 wolfm2 wolfm2    20808 Mar  7 11:47 _03_submission.ipynb
-rw-rw-r-- 1 wolfm2 wolfm2      557 Mar  7 11:47 hv.pkl
-rw-rw-r-- 1 wolfm2 wolfm2  2098273 Mar  7 11:47 lgs.pkl
-rw-rw-r-- 1 wolfm2 wolfm2     2632 Mar  7 11:47 my_measures.py
-rw-rw-r-- 1 wolfm2 wolfm2 50282018 Mar  7 11:47 raw_data_test.csv
-rw-rw-r-- 1 wolfm2 wolfm2  6292015 Mar  7 11:47 sc.pkl
-rw-rw-r-- 1 wolfm2 wolfm2  4194972 Mar  7 11:47 transformer.pkl
-rw-rw-r-- 1 wolfm2 wolfm2     8988 Mar  7 11:47 ver.py
