Wed Mar  7 22:21:02 EST 2018
Doing...
Updating c4a49ff..744def7
Fast-forward
 minibook/amazon/_01_train.ipynb | 2 +-
 1 file changed, 1 insertion(+), 1 deletion(-)
sending incremental file list
deleting amazon/__pycache__/my_measures.cpython-36.pyc
deleting amazon/__pycache__/
deleting amazon/transformer.pkl
deleting amazon/svm.pkl
deleting amazon/sc.pkl
deleting amazon/rdg.pkl
deleting amazon/prc.pkl
deleting amazon/output.ipynb
deleting amazon/nbs.pkl
deleting amazon/lgs.pkl
deleting amazon/job.sh
deleting amazon/hv.pkl
deleting amazon/Amazon.csv
amazon/
amazon/_01_train.ipynb

sent 29,534 bytes  received 323 bytes  59,714.00 bytes/sec
total size is 62,985,625  speedup is 2,109.58
Amazon.csv

bzip2: (stdin): trailing garbage after EOF ignored
cat: write error: Broken pipe
  0%|          | 0/30 [00:00<?, ?it/s]  7%|▋         | 2/30 [00:00<00:03,  7.03it/s]